<?xml version="1.0" encoding="UTF-8"?>
<!-- Generated by org.testng.reporters.JUnitReportReporter -->
<testsuite hostname="LT-53JXL63" failures="0" tests="3" name="testng.DataroviderExample" time="0.011" errors="0" timestamp="2022-03-31T10:26:51 IST" skipped="0">
  <testcase classname="testng.DataroviderExample" name="methodToUseDP" time="0.001"/>
  <system-out/>
  <testcase classname="testng.DataroviderExample" name="methodToUseDP" time="0.009"/>
  <system-out/>
  <testcase classname="testng.DataroviderExample" name="methodToUseDP" time="0.001"/>
  <system-out/>
</testsuite> <!-- testng.DataroviderExample -->
