<?xml version="1.0" encoding="UTF-8"?>
<!-- Generated by org.testng.reporters.JUnitReportReporter -->
<testsuite hostname="LT-53JXL63" failures="0" tests="1" name="testng.FirstTestNGClass" time="0.008" errors="0" timestamp="2022-03-31T10:17:43 IST" skipped="0">
  <testcase classname="testng.FirstTestNGClass" name="firestTestMethod" time="0.008"/>
  <system-out/>
</testsuite> <!-- testng.FirstTestNGClass -->
